<?xml version="1.0" encoding="UTF-8"?>
<!-- Generated by org.testng.reporters.JUnitReportReporter -->
<testsuite hostname="shaily" failures="0" tests="1" name="com.flipcart.utility.TestReader" time="0.011" errors="0" timestamp="15 May 2022 19:35:50 GMT">
  <testcase classname="com.flipcart.utility.TestReader" name="read" time="0.011"/>
</testsuite> <!-- com.flipcart.utility.TestReader -->
